mode: set
_/mnt/c/Go/src/POTW/potw2/stormEye.go:9.47,10.12 1 1
_/mnt/c/Go/src/POTW/potw2/stormEye.go:15.2,15.12 1 1
_/mnt/c/Go/src/POTW/potw2/stormEye.go:19.2,23.22 3 1
_/mnt/c/Go/src/POTW/potw2/stormEye.go:27.2,27.25 1 1
_/mnt/c/Go/src/POTW/potw2/stormEye.go:38.2,38.12 1 1
_/mnt/c/Go/src/POTW/potw2/stormEye.go:42.2,42.22 1 1
_/mnt/c/Go/src/POTW/potw2/stormEye.go:47.2,47.11 1 1
_/mnt/c/Go/src/POTW/potw2/stormEye.go:10.12,12.3 1 1
_/mnt/c/Go/src/POTW/potw2/stormEye.go:15.12,17.3 1 1
_/mnt/c/Go/src/POTW/potw2/stormEye.go:23.22,25.3 1 0
_/mnt/c/Go/src/POTW/potw2/stormEye.go:27.25,32.22 5 1
_/mnt/c/Go/src/POTW/potw2/stormEye.go:32.22,34.4 1 1
_/mnt/c/Go/src/POTW/potw2/stormEye.go:38.12,41.3 2 1
_/mnt/c/Go/src/POTW/potw2/stormEye.go:42.22,44.3 1 0
_/mnt/c/Go/src/POTW/potw2/stormEye.go:50.13,54.25 4 0
_/mnt/c/Go/src/POTW/potw2/stormEye.go:54.25,56.3 1 0
